{"level":"info","message":"\u001b[0mGET /api/v1/transactions \u001b[36m304\u001b[0m 201.901 ms - -\u001b[0m","timestamp":"2026-03-01T06:33:16.156Z"}
{"level":"info","message":"\u001b[0mGET /api/v1/dashboard/summary \u001b[36m304\u001b[0m 340.694 ms - -\u001b[0m","timestamp":"2026-03-01T06:33:16.224Z"}
{"level":"info","message":"\u001b[0mGET /api/v1/transactions \u001b[36m304\u001b[0m 26.700 ms - -\u001b[0m","timestamp":"2026-03-01T06:33:16.231Z"}
{"level":"info","message":"\u001b[0mGET /api/v1/dashboard/summary \u001b[36m304\u001b[0m 37.952 ms - -\u001b[0m","timestamp":"2026-03-01T06:33:16.277Z"}
{"level":"info","message":"\u001b[0mGET /api/v1/financials/pnl \u001b[36m304\u001b[0m 17.249 ms - -\u001b[0m","timestamp":"2026-03-01T06:33:33.000Z"}
{"level":"info","message":"\u001b[0mGET /api/v1/financials/pnl \u001b[36m304\u001b[0m 16.094 ms - -\u001b[0m","timestamp":"2026-03-01T06:33:33.032Z"}
{"level":"info","message":"\u001b[0mGET /api/v1/financials/balance-sheet \u001b[36m304\u001b[0m 7.830 ms - -\u001b[0m","timestamp":"2026-03-01T06:33:39.984Z"}
{"level":"info","message":"\u001b[0mGET /api/v1/financials/balance-sheet \u001b[36m304\u001b[0m 8.391 ms - -\u001b[0m","timestamp":"2026-03-01T06:33:39.995Z"}
{"level":"info","message":"\u001b[0mPOST /api/v1/ai/analyze \u001b[32m200\u001b[0m 13818.338 ms - 4997\u001b[0m","timestamp":"2026-03-01T06:34:02.162Z"}
{"level":"info","message":"\u001b[0mGET /api/v1/transactions \u001b[36m304\u001b[0m 9.647 ms - -\u001b[0m","timestamp":"2026-03-01T06:34:17.958Z"}
{"level":"info","message":"\u001b[0mGET /api/v1/dashboard/summary \u001b[36m304\u001b[0m 20.189 ms - -\u001b[0m","timestamp":"2026-03-01T06:34:17.964Z"}
{"level":"info","message":"\u001b[0mGET /api/v1/transactions \u001b[36m304\u001b[0m 7.716 ms - -\u001b[0m","timestamp":"2026-03-01T06:34:17.971Z"}
{"level":"info","message":"\u001b[0mGET /api/v1/dashboard/summary \u001b[36m304\u001b[0m 14.359 ms - -\u001b[0m","timestamp":"2026-03-01T06:34:17.982Z"}
{"level":"info","message":"\u001b[0mGET /api/v1/transactions \u001b[36m304\u001b[0m 7.398 ms - -\u001b[0m","timestamp":"2026-03-01T06:35:22.538Z"}
{"level":"info","message":"\u001b[0mGET /api/v1/transactions \u001b[36m304\u001b[0m 5.955 ms - -\u001b[0m","timestamp":"2026-03-01T06:35:22.547Z"}
{"level":"info","message":"\u001b[0mPOST /api/v1/transactions \u001b[32m201\u001b[0m 28.820 ms - 355\u001b[0m","timestamp":"2026-03-01T06:35:34.099Z"}
{"level":"info","message":"\u001b[0mGET /api/v1/transactions \u001b[32m200\u001b[0m 4.999 ms - 2547\u001b[0m","timestamp":"2026-03-01T06:35:34.109Z"}
{"level":"info","message":"\u001b[0mGET /api/v1/documents \u001b[36m304\u001b[0m 12.013 ms - -\u001b[0m","timestamp":"2026-03-01T06:35:35.973Z"}
{"level":"info","message":"\u001b[0mGET /api/v1/documents \u001b[36m304\u001b[0m 8.660 ms - -\u001b[0m","timestamp":"2026-03-01T06:35:35.984Z"}
{"level":"info","message":"\u001b[0mGET /api/v1/alerts \u001b[36m304\u001b[0m 7.229 ms - -\u001b[0m","timestamp":"2026-03-01T06:35:40.563Z"}
{"level":"info","message":"\u001b[0mGET /api/v1/alerts \u001b[36m304\u001b[0m 5.779 ms - -\u001b[0m","timestamp":"2026-03-01T06:35:40.571Z"}
{"level":"info","message":"\u001b[0mGET /api/v1/financials/pnl \u001b[32m200\u001b[0m 5.942 ms - 163\u001b[0m","timestamp":"2026-03-01T06:35:46.265Z"}
{"level":"info","message":"\u001b[0mGET /api/v1/financials/pnl \u001b[36m304\u001b[0m 5.417 ms - -\u001b[0m","timestamp":"2026-03-01T06:35:46.273Z"}
{"level":"info","message":"\u001b[0mGET /api/v1/financials/balance-sheet \u001b[36m304\u001b[0m 7.824 ms - -\u001b[0m","timestamp":"2026-03-01T06:35:58.443Z"}
{"level":"info","message":"\u001b[0mGET /api/v1/financials/balance-sheet \u001b[36m304\u001b[0m 6.501 ms - -\u001b[0m","timestamp":"2026-03-01T06:35:58.455Z"}
{"level":"info","message":"\u001b[0mPOST /api/v1/ai/analyze \u001b[32m200\u001b[0m 13240.497 ms - 5082\u001b[0m","timestamp":"2026-03-01T06:36:15.373Z"}
{"level":"error","message":"Not authorized, no token","statusCode":401,"timestamp":"2026-03-01T06:36:33.250Z"}
{"level":"info","message":"\u001b[0mGET /api/v1/stocks/history?symbol=AAPL&timeframe=1D \u001b[33m401\u001b[0m 1.444 ms - 72\u001b[0m","timestamp":"2026-03-01T06:36:33.252Z"}
{"level":"error","message":"Not authorized, no token","statusCode":401,"timestamp":"2026-03-01T06:36:33.253Z"}
{"level":"info","message":"\u001b[0mPOST /api/v1/stocks/predict \u001b[33m401\u001b[0m 0.668 ms - 72\u001b[0m","timestamp":"2026-03-01T06:36:33.254Z"}
{"level":"error","message":"Not authorized, no token","statusCode":401,"timestamp":"2026-03-01T06:36:33.255Z"}
{"level":"info","message":"\u001b[0mGET /api/v1/financials/balance-sheet \u001b[33m401\u001b[0m 0.766 ms - 72\u001b[0m","timestamp":"2026-03-01T06:36:33.257Z"}
{"level":"error","message":"Not authorized, no token","statusCode":401,"timestamp":"2026-03-01T06:36:33.269Z"}
{"level":"info","message":"\u001b[0mPOST /api/v1/stocks/predict \u001b[33m401\u001b[0m 0.814 ms - 72\u001b[0m","timestamp":"2026-03-01T06:36:33.270Z"}
{"level":"error","message":"Not authorized, no token","statusCode":401,"timestamp":"2026-03-01T06:36:33.271Z"}
{"level":"info","message":"\u001b[0mGET /api/v1/stocks/history?symbol=AAPL&timeframe=1D \u001b[33m401\u001b[0m 0.683 ms - 72\u001b[0m","timestamp":"2026-03-01T06:36:33.272Z"}
{"level":"error","message":"Not authorized, no token","statusCode":401,"timestamp":"2026-03-01T06:36:33.273Z"}
{"level":"info","message":"\u001b[0mGET /api/v1/financials/balance-sheet \u001b[33m401\u001b[0m 0.840 ms - 72\u001b[0m","timestamp":"2026-03-01T06:36:33.274Z"}
{"level":"info","message":"\u001b[0mPOST /api/v1/ai/chat \u001b[32m200\u001b[0m 1418.084 ms - 147\u001b[0m","timestamp":"2026-03-01T06:36:52.354Z"}
{"level":"info","message":"\u001b[0mPOST /api/v1/ai/analyze \u001b[32m200\u001b[0m 11340.995 ms - 3867\u001b[0m","timestamp":"2026-03-01T06:37:07.179Z"}
{"level":"info","message":"\u001b[0mGET /api/v1/transactions \u001b[36m304\u001b[0m 153.678 ms - -\u001b[0m","timestamp":"2026-03-01T06:49:39.615Z"}
{"level":"info","message":"\u001b[0mGET /api/v1/transactions \u001b[36m304\u001b[0m 9.790 ms - -\u001b[0m","timestamp":"2026-03-01T06:49:39.631Z"}
{"level":"info","message":"\u001b[0mGET /api/v1/dashboard/summary \u001b[32m200\u001b[0m 211.070 ms - 174\u001b[0m","timestamp":"2026-03-01T06:49:39.640Z"}
{"level":"info","message":"\u001b[0mGET /api/v1/dashboard/summary \u001b[36m304\u001b[0m 15.847 ms - -\u001b[0m","timestamp":"2026-03-01T06:49:39.658Z"}
{"level":"info","message":"\u001b[0mGET /api/v1/transactions \u001b[36m304\u001b[0m 9.837 ms - -\u001b[0m","timestamp":"2026-03-01T06:49:58.061Z"}
{"level":"info","message":"\u001b[0mGET /api/v1/transactions \u001b[36m304\u001b[0m 8.402 ms - -\u001b[0m","timestamp":"2026-03-01T06:49:58.073Z"}
{"level":"info","message":"\u001b[0mPOST /api/v1/transactions \u001b[32m201\u001b[0m 20.854 ms - 353\u001b[0m","timestamp":"2026-03-01T06:50:06.135Z"}
{"level":"info","message":"\u001b[0mGET /api/v1/transactions \u001b[32m200\u001b[0m 6.989 ms - 2857\u001b[0m","timestamp":"2026-03-01T06:50:06.148Z"}
{"level":"info","message":"\u001b[0mGET /api/v1/documents \u001b[36m304\u001b[0m 12.281 ms - -\u001b[0m","timestamp":"2026-03-01T06:50:13.299Z"}
{"level":"info","message":"\u001b[0mGET /api/v1/documents \u001b[36m304\u001b[0m 7.680 ms - -\u001b[0m","timestamp":"2026-03-01T06:50:13.309Z"}
{"level":"info","message":"\u001b[0mGET /api/v1/alerts \u001b[36m304\u001b[0m 6.116 ms - -\u001b[0m","timestamp":"2026-03-01T06:50:21.213Z"}
{"level":"info","message":"\u001b[0mGET /api/v1/alerts \u001b[36m304\u001b[0m 5.577 ms - -\u001b[0m","timestamp":"2026-03-01T06:50:21.221Z"}
{"level":"info","message":"\u001b[0mGET /api/v1/financials/pnl \u001b[32m200\u001b[0m 8.566 ms - 163\u001b[0m","timestamp":"2026-03-01T06:50:28.181Z"}
{"level":"info","message":"\u001b[0mGET /api/v1/financials/pnl \u001b[36m304\u001b[0m 6.179 ms - -\u001b[0m","timestamp":"2026-03-01T06:50:28.189Z"}
{"level":"info","message":"\u001b[0mGET /api/v1/financials/balance-sheet \u001b[36m304\u001b[0m 6.242 ms - -\u001b[0m","timestamp":"2026-03-01T06:50:38.034Z"}
{"level":"info","message":"\u001b[0mGET /api/v1/financials/balance-sheet \u001b[36m304\u001b[0m 6.215 ms - -\u001b[0m","timestamp":"2026-03-01T06:50:38.048Z"}
{"level":"info","message":"\u001b[0mPOST /api/v1/ai/analyze \u001b[32m200\u001b[0m 11213.382 ms - 4777\u001b[0m","timestamp":"2026-03-01T06:50:51.740Z"}
{"level":"error","message":"Not authorized, no token","statusCode":401,"timestamp":"2026-03-01T06:51:06.476Z"}
{"level":"info","message":"\u001b[0mPOST /api/v1/stocks/predict \u001b[33m401\u001b[0m 1.903 ms - 72\u001b[0m","timestamp":"2026-03-01T06:51:06.478Z"}
{"level":"error","message":"Not authorized, no token","statusCode":401,"timestamp":"2026-03-01T06:51:06.480Z"}
{"level":"info","message":"\u001b[0mGET /api/v1/stocks/history?symbol=AAPL&timeframe=1D \u001b[33m401\u001b[0m 1.333 ms - 72\u001b[0m","timestamp":"2026-03-01T06:51:06.482Z"}
{"level":"error","message":"Not authorized, no token","statusCode":401,"timestamp":"2026-03-01T06:51:06.484Z"}
{"level":"info","message":"\u001b[0mGET /api/v1/financials/balance-sheet \u001b[33m401\u001b[0m 1.951 ms - 72\u001b[0m","timestamp":"2026-03-01T06:51:06.487Z"}
{"level":"error","message":"Not authorized, no token","statusCode":401,"timestamp":"2026-03-01T06:51:06.519Z"}
{"level":"info","message":"\u001b[0mPOST /api/v1/stocks/predict \u001b[33m401\u001b[0m 1.018 ms - 72\u001b[0m","timestamp":"2026-03-01T06:51:06.520Z"}
{"level":"error","message":"Not authorized, no token","statusCode":401,"timestamp":"2026-03-01T06:51:06.521Z"}
{"level":"info","message":"\u001b[0mGET /api/v1/stocks/history?symbol=AAPL&timeframe=1D \u001b[33m401\u001b[0m 0.852 ms - 72\u001b[0m","timestamp":"2026-03-01T06:51:06.522Z"}
{"level":"error","message":"Not authorized, no token","statusCode":401,"timestamp":"2026-03-01T06:51:06.524Z"}
{"level":"info","message":"\u001b[0mGET /api/v1/financials/balance-sheet \u001b[33m401\u001b[0m 1.038 ms - 72\u001b[0m","timestamp":"2026-03-01T06:51:06.525Z"}
{"level":"info","message":"\u001b[0mPOST /api/v1/ai/chat \u001b[32m200\u001b[0m 1676.091 ms - 147\u001b[0m","timestamp":"2026-03-01T06:51:21.932Z"}
{"level":"info","message":"\u001b[0mGET /api/v1/transactions \u001b[36m304\u001b[0m 137.987 ms - -\u001b[0m","timestamp":"2026-03-01T06:58:55.117Z"}
{"level":"info","message":"\u001b[0mGET /api/v1/transactions \u001b[36m304\u001b[0m 8.885 ms - -\u001b[0m","timestamp":"2026-03-01T06:58:55.129Z"}
{"level":"info","message":"\u001b[0mGET /api/v1/dashboard/summary \u001b[32m200\u001b[0m 155.493 ms - 174\u001b[0m","timestamp":"2026-03-01T06:58:55.131Z"}
{"level":"info","message":"\u001b[0mGET /api/v1/dashboard/summary \u001b[36m304\u001b[0m 17.845 ms - -\u001b[0m","timestamp":"2026-03-01T06:58:55.152Z"}
{"level":"info","message":"\u001b[0mGET /api/v1/transactions \u001b[36m304\u001b[0m 139.089 ms - -\u001b[0m","timestamp":"2026-03-01T07:04:30.389Z"}
{"level":"info","message":"\u001b[0mGET /api/v1/dashboard/summary \u001b[36m304\u001b[0m 148.475 ms - -\u001b[0m","timestamp":"2026-03-01T07:04:30.395Z"}
{"level":"info","message":"\u001b[0mGET /api/v1/transactions \u001b[36m304\u001b[0m 13.690 ms - -\u001b[0m","timestamp":"2026-03-01T07:04:30.405Z"}
{"level":"info","message":"\u001b[0mGET /api/v1/dashboard/summary \u001b[36m304\u001b[0m 34.982 ms - -\u001b[0m","timestamp":"2026-03-01T07:04:30.435Z"}
{"level":"info","message":"\u001b[0mGET /api/v1/transactions \u001b[36m304\u001b[0m 9.980 ms - -\u001b[0m","timestamp":"2026-03-01T07:04:43.453Z"}
{"level":"info","message":"\u001b[0mGET /api/v1/transactions \u001b[36m304\u001b[0m 9.185 ms - -\u001b[0m","timestamp":"2026-03-01T07:04:43.466Z"}
{"level":"info","message":"\u001b[0mPOST /api/v1/transactions \u001b[32m201\u001b[0m 17.521 ms - 353\u001b[0m","timestamp":"2026-03-01T07:04:56.369Z"}
{"level":"info","message":"\u001b[0mGET /api/v1/transactions \u001b[32m200\u001b[0m 8.296 ms - 3167\u001b[0m","timestamp":"2026-03-01T07:04:56.388Z"}
{"level":"info","message":"\u001b[0mGET /api/v1/documents \u001b[36m304\u001b[0m 10.966 ms - -\u001b[0m","timestamp":"2026-03-01T07:04:57.734Z"}
{"level":"info","message":"\u001b[0mGET /api/v1/documents \u001b[36m304\u001b[0m 6.058 ms - -\u001b[0m","timestamp":"2026-03-01T07:04:57.743Z"}
{"level":"info","message":"\u001b[0mGET /api/v1/alerts \u001b[36m304\u001b[0m 5.703 ms - -\u001b[0m","timestamp":"2026-03-01T07:05:16.467Z"}
{"level":"info","message":"\u001b[0mGET /api/v1/alerts \u001b[36m304\u001b[0m 6.377 ms - -\u001b[0m","timestamp":"2026-03-01T07:05:16.477Z"}
{"level":"info","message":"\u001b[0mGET /api/v1/financials/pnl \u001b[32m200\u001b[0m 6.474 ms - 164\u001b[0m","timestamp":"2026-03-01T07:05:27.353Z"}
{"level":"info","message":"\u001b[0mGET /api/v1/financials/pnl \u001b[36m304\u001b[0m 6.940 ms - -\u001b[0m","timestamp":"2026-03-01T07:05:27.364Z"}
{"level":"info","message":"\u001b[0mGET /api/v1/financials/balance-sheet \u001b[36m304\u001b[0m 13.379 ms - -\u001b[0m","timestamp":"2026-03-01T07:05:32.587Z"}
{"level":"info","message":"\u001b[0mGET /api/v1/financials/balance-sheet \u001b[36m304\u001b[0m 10.091 ms - -\u001b[0m","timestamp":"2026-03-01T07:05:32.604Z"}
{"level":"info","message":"\u001b[0mPOST /api/v1/ai/analyze \u001b[32m200\u001b[0m 16295.168 ms - 5250\u001b[0m","timestamp":"2026-03-01T07:05:52.617Z"}
{"level":"error","message":"Not authorized, no token","statusCode":401,"timestamp":"2026-03-01T07:06:08.838Z"}
{"level":"info","message":"\u001b[0mGET /api/v1/stocks/history?symbol=AAPL&timeframe=1D \u001b[33m401\u001b[0m 1.382 ms - 72\u001b[0m","timestamp":"2026-03-01T07:06:08.840Z"}
{"level":"error","message":"Not authorized, no token","statusCode":401,"timestamp":"2026-03-01T07:06:08.842Z"}
{"level":"info","message":"\u001b[0mPOST /api/v1/stocks/predict \u001b[33m401\u001b[0m 1.609 ms - 72\u001b[0m","timestamp":"2026-03-01T07:06:08.844Z"}
{"level":"error","message":"Not authorized, no token","statusCode":401,"timestamp":"2026-03-01T07:06:08.846Z"}
{"level":"info","message":"\u001b[0mGET /api/v1/financials/balance-sheet \u001b[33m401\u001b[0m 2.569 ms - 72\u001b[0m","timestamp":"2026-03-01T07:06:08.850Z"}
{"level":"error","message":"Not authorized, no token","statusCode":401,"timestamp":"2026-03-01T07:06:08.880Z"}
{"level":"info","message":"\u001b[0mGET /api/v1/stocks/history?symbol=AAPL&timeframe=1D \u001b[33m401\u001b[0m 1.188 ms - 72\u001b[0m","timestamp":"2026-03-01T07:06:08.882Z"}
{"level":"error","message":"Not authorized, no token","statusCode":401,"timestamp":"2026-03-01T07:06:08.883Z"}
{"level":"info","message":"\u001b[0mPOST /api/v1/stocks/predict \u001b[33m401\u001b[0m 1.683 ms - 72\u001b[0m","timestamp":"2026-03-01T07:06:08.886Z"}
{"level":"error","message":"Not authorized, no token","statusCode":401,"timestamp":"2026-03-01T07:06:08.889Z"}
{"level":"info","message":"\u001b[0mGET /api/v1/financials/balance-sheet \u001b[33m401\u001b[0m 1.154 ms - 72\u001b[0m","timestamp":"2026-03-01T07:06:08.891Z"}
{"level":"info","message":"\u001b[0mPOST /api/v1/ai/chat \u001b[32m200\u001b[0m 1000.287 ms - 147\u001b[0m","timestamp":"2026-03-01T07:06:28.159Z"}
{"level":"info","message":"\u001b[0mPOST /api/v1/ai/analyze \u001b[32m200\u001b[0m 15147.016 ms - 3568\u001b[0m","timestamp":"2026-03-01T07:06:44.696Z"}
{"level":"info","message":"\u001b[0mGET /api/v1/transactions \u001b[36m304\u001b[0m 9.942 ms - -\u001b[0m","timestamp":"2026-03-01T07:08:15.643Z"}
{"level":"info","message":"\u001b[0mGET /api/v1/dashboard/summary \u001b[32m200\u001b[0m 24.023 ms - 175\u001b[0m","timestamp":"2026-03-01T07:08:15.655Z"}
{"level":"info","message":"\u001b[0mGET /api/v1/transactions \u001b[36m304\u001b[0m 13.119 ms - -\u001b[0m","timestamp":"2026-03-01T07:08:15.663Z"}
{"level":"info","message":"\u001b[0mGET /api/v1/dashboard/summary \u001b[36m304\u001b[0m 13.480 ms - -\u001b[0m","timestamp":"2026-03-01T07:08:15.679Z"}
{"level":"info","message":"\u001b[0mGET /api/v1/transactions \u001b[36m304\u001b[0m 8.695 ms - -\u001b[0m","timestamp":"2026-03-01T07:08:19.542Z"}
{"level":"info","message":"\u001b[0mGET /api/v1/transactions \u001b[36m304\u001b[0m 10.189 ms - -\u001b[0m","timestamp":"2026-03-01T07:08:19.555Z"}
{"level":"info","message":"\u001b[0mGET /api/v1/documents \u001b[36m304\u001b[0m 14.624 ms - -\u001b[0m","timestamp":"2026-03-01T07:08:23.890Z"}
{"level":"info","message":"\u001b[0mGET /api/v1/documents \u001b[36m304\u001b[0m 8.748 ms - -\u001b[0m","timestamp":"2026-03-01T07:08:23.903Z"}
{"level":"info","message":"\u001b[0mGET /api/v1/alerts \u001b[36m304\u001b[0m 7.101 ms - -\u001b[0m","timestamp":"2026-03-01T07:08:27.390Z"}
{"level":"info","message":"\u001b[0mGET /api/v1/alerts \u001b[36m304\u001b[0m 8.366 ms - -\u001b[0m","timestamp":"2026-03-01T07:08:27.404Z"}
{"level":"info","message":"\u001b[0mGET /api/v1/financials/pnl \u001b[36m304\u001b[0m 8.732 ms - -\u001b[0m","timestamp":"2026-03-01T07:08:28.834Z"}
{"level":"info","message":"\u001b[0mGET /api/v1/financials/pnl \u001b[36m304\u001b[0m 6.062 ms - -\u001b[0m","timestamp":"2026-03-01T07:08:28.842Z"}
{"level":"info","message":"\u001b[0mGET /api/v1/financials/balance-sheet \u001b[36m304\u001b[0m 13.014 ms - -\u001b[0m","timestamp":"2026-03-01T07:08:34.610Z"}
{"level":"info","message":"\u001b[0mGET /api/v1/financials/balance-sheet \u001b[36m304\u001b[0m 10.045 ms - -\u001b[0m","timestamp":"2026-03-01T07:08:34.623Z"}
{"level":"error","message":"Not authorized, no token","statusCode":401,"timestamp":"2026-03-01T07:08:39.904Z"}
{"level":"info","message":"\u001b[0mGET /api/v1/stocks/history?symbol=AAPL&timeframe=1D \u001b[33m401\u001b[0m 3.403 ms - 72\u001b[0m","timestamp":"2026-03-01T07:08:39.908Z"}
{"level":"error","message":"Not authorized, no token","statusCode":401,"timestamp":"2026-03-01T07:08:39.911Z"}
{"level":"info","message":"\u001b[0mPOST /api/v1/stocks/predict \u001b[33m401\u001b[0m 1.824 ms - 72\u001b[0m","timestamp":"2026-03-01T07:08:39.913Z"}
{"level":"error","message":"Not authorized, no token","statusCode":401,"timestamp":"2026-03-01T07:08:39.915Z"}
{"level":"info","message":"\u001b[0mGET /api/v1/financials/balance-sheet \u001b[33m401\u001b[0m 1.279 ms - 72\u001b[0m","timestamp":"2026-03-01T07:08:39.917Z"}
{"level":"error","message":"Not authorized, no token","statusCode":401,"timestamp":"2026-03-01T07:08:39.919Z"}
{"level":"info","message":"\u001b[0mGET /api/v1/stocks/history?symbol=AAPL&timeframe=1D \u001b[33m401\u001b[0m 1.064 ms - 72\u001b[0m","timestamp":"2026-03-01T07:08:39.920Z"}
{"level":"error","message":"Not authorized, no token","statusCode":401,"timestamp":"2026-03-01T07:08:39.922Z"}
{"level":"info","message":"\u001b[0mPOST /api/v1/stocks/predict \u001b[33m401\u001b[0m 1.171 ms - 72\u001b[0m","timestamp":"2026-03-01T07:08:39.924Z"}
{"level":"error","message":"Not authorized, no token","statusCode":401,"timestamp":"2026-03-01T07:08:39.926Z"}
{"level":"info","message":"\u001b[0mGET /api/v1/financials/balance-sheet \u001b[33m401\u001b[0m 1.224 ms - 72\u001b[0m","timestamp":"2026-03-01T07:08:39.928Z"}
{"level":"info","message":"\u001b[0mPOST /api/v1/ai/chat \u001b[32m200\u001b[0m 834.622 ms - 147\u001b[0m","timestamp":"2026-03-01T07:08:48.078Z"}
{"level":"info","message":"\u001b[0mPOST /api/v1/ai/analyze \u001b[32m200\u001b[0m 12933.542 ms - 4274\u001b[0m","timestamp":"2026-03-01T07:09:04.544Z"}
{"level":"info","message":"\u001b[0mGET /api/v1/transactions \u001b[36m304\u001b[0m 186.110 ms - -\u001b[0m","timestamp":"2026-03-01T07:10:24.476Z"}
{"level":"info","message":"\u001b[0mGET /api/v1/dashboard/summary \u001b[36m304\u001b[0m 202.389 ms - -\u001b[0m","timestamp":"2026-03-01T07:10:24.490Z"}
{"level":"info","message":"\u001b[0mGET /api/v1/transactions \u001b[36m304\u001b[0m 17.890 ms - -\u001b[0m","timestamp":"2026-03-01T07:10:24.499Z"}
{"level":"info","message":"\u001b[0mGET /api/v1/dashboard/summary \u001b[36m304\u001b[0m 28.593 ms - -\u001b[0m","timestamp":"2026-03-01T07:10:24.524Z"}
{"level":"info","message":"\u001b[0mGET /api/v1/financials/balance-sheet \u001b[36m304\u001b[0m 8.738 ms - -\u001b[0m","timestamp":"2026-03-01T07:11:09.811Z"}
{"level":"info","message":"\u001b[0mGET /api/v1/financials/balance-sheet \u001b[36m304\u001b[0m 8.905 ms - -\u001b[0m","timestamp":"2026-03-01T07:11:09.840Z"}
{"level":"error","message":"Not authorized, no token","statusCode":401,"timestamp":"2026-03-01T07:11:22.728Z"}
{"level":"info","message":"\u001b[0mGET /api/v1/stocks/history?symbol=AAPL&timeframe=1D \u001b[33m401\u001b[0m 1.970 ms - 72\u001b[0m","timestamp":"2026-03-01T07:11:22.731Z"}
{"level":"error","message":"Not authorized, no token","statusCode":401,"timestamp":"2026-03-01T07:11:22.736Z"}
{"level":"info","message":"\u001b[0mPOST /api/v1/stocks/predict \u001b[33m401\u001b[0m 1.685 ms - 72\u001b[0m","timestamp":"2026-03-01T07:11:22.738Z"}
{"level":"error","message":"Not authorized, no token","statusCode":401,"timestamp":"2026-03-01T07:11:22.740Z"}
{"level":"info","message":"\u001b[0mGET /api/v1/financials/balance-sheet \u001b[33m401\u001b[0m 1.287 ms - 72\u001b[0m","timestamp":"2026-03-01T07:11:22.742Z"}
{"level":"error","message":"Not authorized, no token","statusCode":401,"timestamp":"2026-03-01T07:11:22.757Z"}
{"level":"info","message":"\u001b[0mPOST /api/v1/stocks/predict \u001b[33m401\u001b[0m 1.334 ms - 72\u001b[0m","timestamp":"2026-03-01T07:11:22.759Z"}
{"level":"error","message":"Not authorized, no token","statusCode":401,"timestamp":"2026-03-01T07:11:22.762Z"}
{"level":"info","message":"\u001b[0mGET /api/v1/stocks/history?symbol=AAPL&timeframe=1D \u001b[33m401\u001b[0m 1.593 ms - 72\u001b[0m","timestamp":"2026-03-01T07:11:22.764Z"}
{"level":"error","message":"Not authorized, no token","statusCode":401,"timestamp":"2026-03-01T07:11:22.766Z"}
{"level":"info","message":"\u001b[0mGET /api/v1/financials/balance-sheet \u001b[33m401\u001b[0m 1.119 ms - 72\u001b[0m","timestamp":"2026-03-01T07:11:22.768Z"}
{"level":"error","message":"Not authorized, no token","statusCode":401,"timestamp":"2026-03-01T07:12:13.879Z"}
{"level":"info","message":"\u001b[0mGET /api/v1/stocks/history?symbol=AAPL&timeframe=1D \u001b[33m401\u001b[0m 1.574 ms - 72\u001b[0m","timestamp":"2026-03-01T07:12:13.881Z"}
{"level":"error","message":"Not authorized, no token","statusCode":401,"timestamp":"2026-03-01T07:12:13.884Z"}
{"level":"info","message":"\u001b[0mPOST /api/v1/stocks/predict \u001b[33m401\u001b[0m 1.656 ms - 72\u001b[0m","timestamp":"2026-03-01T07:12:13.886Z"}
{"level":"error","message":"Not authorized, no token","statusCode":401,"timestamp":"2026-03-01T07:12:13.888Z"}
{"level":"info","message":"\u001b[0mGET /api/v1/financials/balance-sheet \u001b[33m401\u001b[0m 1.395 ms - 72\u001b[0m","timestamp":"2026-03-01T07:12:13.890Z"}
{"level":"error","message":"Not authorized, no token","statusCode":401,"timestamp":"2026-03-01T07:12:13.900Z"}
{"level":"info","message":"\u001b[0mGET /api/v1/stocks/history?symbol=AAPL&timeframe=1D \u001b[33m401\u001b[0m 3.376 ms - 72\u001b[0m","timestamp":"2026-03-01T07:12:13.904Z"}
{"level":"error","message":"Not authorized, no token","statusCode":401,"timestamp":"2026-03-01T07:12:13.923Z"}
{"level":"info","message":"\u001b[0mPOST /api/v1/stocks/predict \u001b[33m401\u001b[0m 1.774 ms - 72\u001b[0m","timestamp":"2026-03-01T07:12:13.925Z"}
{"level":"error","message":"Not authorized, no token","statusCode":401,"timestamp":"2026-03-01T07:12:13.927Z"}
{"level":"info","message":"\u001b[0mGET /api/v1/financials/balance-sheet \u001b[33m401\u001b[0m 1.048 ms - 72\u001b[0m","timestamp":"2026-03-01T07:12:13.928Z"}
{"level":"info","message":"\u001b[0mGET /api/v1/transactions \u001b[36m304\u001b[0m 12.157 ms - -\u001b[0m","timestamp":"2026-03-01T07:12:24.230Z"}
{"level":"info","message":"\u001b[0mGET /api/v1/dashboard/summary \u001b[36m304\u001b[0m 25.806 ms - -\u001b[0m","timestamp":"2026-03-01T07:12:24.240Z"}
{"level":"info","message":"\u001b[0mGET /api/v1/transactions \u001b[36m304\u001b[0m 12.251 ms - -\u001b[0m","timestamp":"2026-03-01T07:12:24.246Z"}
{"level":"info","message":"\u001b[0mGET /api/v1/dashboard/summary \u001b[36m304\u001b[0m 28.942 ms - -\u001b[0m","timestamp":"2026-03-01T07:12:24.272Z"}
{"level":"info","message":"\u001b[0mGET /api/v1/transactions \u001b[36m304\u001b[0m 9.743 ms - -\u001b[0m","timestamp":"2026-03-01T07:13:07.604Z"}
{"level":"info","message":"\u001b[0mGET /api/v1/dashboard/summary \u001b[36m304\u001b[0m 22.179 ms - -\u001b[0m","timestamp":"2026-03-01T07:13:07.612Z"}
{"level":"info","message":"\u001b[0mGET /api/v1/transactions \u001b[36m304\u001b[0m 7.789 ms - -\u001b[0m","timestamp":"2026-03-01T07:13:07.615Z"}
{"level":"info","message":"\u001b[0mGET /api/v1/dashboard/summary \u001b[36m304\u001b[0m 14.453 ms - -\u001b[0m","timestamp":"2026-03-01T07:13:07.631Z"}
