{"level":"info","message":"Starting Finora server...","timestamp":"2026-03-01T05:07:57.146Z"}
{"level":"info","message":"🚀 Server is running on port 5000 in development mode","timestamp":"2026-03-01T05:07:57.199Z"}
{"level":"info","message":"📡 API available at http://localhost:5000/api/v1","timestamp":"2026-03-01T05:07:57.200Z"}
{"level":"info","message":"\u001b[0mGET /api/v1/transactions \u001b[32m200\u001b[0m 1107.089 ms - 2235\u001b[0m","timestamp":"2026-03-01T05:08:21.177Z"}
{"level":"info","message":"\u001b[0mGET /api/v1/dashboard/summary \u001b[32m200\u001b[0m 1134.380 ms - 176\u001b[0m","timestamp":"2026-03-01T05:08:21.181Z"}
{"level":"info","message":"\u001b[0mGET /api/v1/transactions \u001b[36m304\u001b[0m 7.326 ms - -\u001b[0m","timestamp":"2026-03-01T05:08:21.192Z"}
{"level":"info","message":"\u001b[0mGET /api/v1/dashboard/summary \u001b[36m304\u001b[0m 12.719 ms - -\u001b[0m","timestamp":"2026-03-01T05:08:21.199Z"}
{"level":"info","message":"\u001b[0mGET /api/v1/transactions \u001b[36m304\u001b[0m 5.773 ms - -\u001b[0m","timestamp":"2026-03-01T05:08:23.925Z"}
{"level":"info","message":"\u001b[0mGET /api/v1/transactions \u001b[36m304\u001b[0m 5.848 ms - -\u001b[0m","timestamp":"2026-03-01T05:08:23.933Z"}
{"level":"info","message":"\u001b[0mGET /api/v1/documents \u001b[32m200\u001b[0m 10.390 ms - 773\u001b[0m","timestamp":"2026-03-01T05:08:24.974Z"}
{"level":"info","message":"\u001b[0mGET /api/v1/documents \u001b[36m304\u001b[0m 4.746 ms - -\u001b[0m","timestamp":"2026-03-01T05:08:24.981Z"}
{"level":"info","message":"\u001b[0mGET /api/v1/alerts \u001b[32m200\u001b[0m 10.155 ms - 41\u001b[0m","timestamp":"2026-03-01T05:08:28.388Z"}
{"level":"info","message":"\u001b[0mGET /api/v1/alerts \u001b[36m304\u001b[0m 7.804 ms - -\u001b[0m","timestamp":"2026-03-01T05:08:28.399Z"}
{"level":"info","message":"\u001b[0mGET /api/v1/financials/pnl \u001b[32m200\u001b[0m 6.735 ms - 163\u001b[0m","timestamp":"2026-03-01T05:08:29.735Z"}
{"level":"info","message":"\u001b[0mGET /api/v1/financials/pnl \u001b[36m304\u001b[0m 6.575 ms - -\u001b[0m","timestamp":"2026-03-01T05:08:29.745Z"}
{"level":"info","message":"\u001b[0mGET /api/v1/financials/balance-sheet \u001b[32m200\u001b[0m 7.143 ms - 999\u001b[0m","timestamp":"2026-03-01T05:08:31.419Z"}
{"level":"info","message":"\u001b[0mGET /api/v1/financials/balance-sheet \u001b[36m304\u001b[0m 6.925 ms - -\u001b[0m","timestamp":"2026-03-01T05:08:31.430Z"}
{"level":"error","message":"Not authorized, no token","statusCode":401,"timestamp":"2026-03-01T05:08:36.591Z"}
{"level":"info","message":"\u001b[0mGET /api/v1/stocks/history?symbol=AAPL&timeframe=1D \u001b[33m401\u001b[0m 1.761 ms - 72\u001b[0m","timestamp":"2026-03-01T05:08:36.592Z"}
{"level":"error","message":"Not authorized, no token","statusCode":401,"timestamp":"2026-03-01T05:08:36.627Z"}
{"level":"info","message":"\u001b[0mPOST /api/v1/stocks/predict \u001b[33m401\u001b[0m 1.127 ms - 72\u001b[0m","timestamp":"2026-03-01T05:08:36.629Z"}
{"level":"error","message":"Not authorized, no token","statusCode":401,"timestamp":"2026-03-01T05:08:36.630Z"}
{"level":"info","message":"\u001b[0mGET /api/v1/financials/balance-sheet \u001b[33m401\u001b[0m 0.714 ms - 72\u001b[0m","timestamp":"2026-03-01T05:08:36.631Z"}
{"level":"error","message":"Not authorized, no token","statusCode":401,"timestamp":"2026-03-01T05:08:36.634Z"}
{"level":"info","message":"\u001b[0mPOST /api/v1/stocks/predict \u001b[33m401\u001b[0m 0.815 ms - 72\u001b[0m","timestamp":"2026-03-01T05:08:36.635Z"}
{"level":"error","message":"Not authorized, no token","statusCode":401,"timestamp":"2026-03-01T05:08:36.637Z"}
{"level":"info","message":"\u001b[0mGET /api/v1/stocks/history?symbol=AAPL&timeframe=1D \u001b[33m401\u001b[0m 0.929 ms - 72\u001b[0m","timestamp":"2026-03-01T05:08:36.638Z"}
{"level":"error","message":"Not authorized, no token","statusCode":401,"timestamp":"2026-03-01T05:08:36.639Z"}
{"level":"info","message":"\u001b[0mGET /api/v1/financials/balance-sheet \u001b[33m401\u001b[0m 0.839 ms - 72\u001b[0m","timestamp":"2026-03-01T05:08:36.641Z"}
{"level":"info","message":"\u001b[0mGET /api/v1/auth/me \u001b[32m200\u001b[0m 8.707 ms - 272\u001b[0m","timestamp":"2026-03-01T05:08:41.377Z"}
{"level":"info","message":"\u001b[0mGET /api/v1/auth/me \u001b[36m304\u001b[0m 6.023 ms - -\u001b[0m","timestamp":"2026-03-01T05:08:41.384Z"}
{"level":"info","message":"\u001b[0mGET /api/v1/transactions \u001b[36m304\u001b[0m 7.161 ms - -\u001b[0m","timestamp":"2026-03-01T05:08:43.310Z"}
{"level":"info","message":"\u001b[0mGET /api/v1/dashboard/summary \u001b[36m304\u001b[0m 14.995 ms - -\u001b[0m","timestamp":"2026-03-01T05:08:43.316Z"}
{"level":"info","message":"\u001b[0mGET /api/v1/transactions \u001b[36m304\u001b[0m 6.079 ms - -\u001b[0m","timestamp":"2026-03-01T05:08:43.318Z"}
{"level":"info","message":"\u001b[0mGET /api/v1/dashboard/summary \u001b[36m304\u001b[0m 11.088 ms - -\u001b[0m","timestamp":"2026-03-01T05:08:43.331Z"}
{"level":"info","message":"\u001b[0mGET /api/v1/transactions \u001b[36m304\u001b[0m 4.883 ms - -\u001b[0m","timestamp":"2026-03-01T05:11:13.214Z"}
{"level":"info","message":"\u001b[0mGET /api/v1/transactions \u001b[36m304\u001b[0m 5.160 ms - -\u001b[0m","timestamp":"2026-03-01T05:11:13.221Z"}
{"level":"info","message":"\u001b[0mGET /api/v1/dashboard/summary \u001b[36m304\u001b[0m 15.581 ms - -\u001b[0m","timestamp":"2026-03-01T05:11:13.223Z"}
{"level":"info","message":"\u001b[0mGET /api/v1/dashboard/summary \u001b[36m304\u001b[0m 10.486 ms - -\u001b[0m","timestamp":"2026-03-01T05:11:13.235Z"}
{"level":"info","message":"\u001b[0mGET /api/v1/transactions \u001b[36m304\u001b[0m 7.315 ms - -\u001b[0m","timestamp":"2026-03-01T05:11:15.312Z"}
{"level":"info","message":"\u001b[0mGET /api/v1/transactions \u001b[36m304\u001b[0m 7.021 ms - -\u001b[0m","timestamp":"2026-03-01T05:11:15.321Z"}
{"level":"info","message":"\u001b[0mGET /api/v1/transactions \u001b[36m304\u001b[0m 5.407 ms - -\u001b[0m","timestamp":"2026-03-01T05:11:16.113Z"}
{"level":"info","message":"\u001b[0mGET /api/v1/dashboard/summary \u001b[36m304\u001b[0m 12.883 ms - -\u001b[0m","timestamp":"2026-03-01T05:11:16.117Z"}
{"level":"info","message":"\u001b[0mGET /api/v1/transactions \u001b[36m304\u001b[0m 6.651 ms - -\u001b[0m","timestamp":"2026-03-01T05:11:16.122Z"}
{"level":"info","message":"\u001b[0mGET /api/v1/dashboard/summary \u001b[36m304\u001b[0m 11.386 ms - -\u001b[0m","timestamp":"2026-03-01T05:11:16.131Z"}
{"level":"info","message":"\u001b[0mGET /api/v1/auth/me \u001b[36m304\u001b[0m 5.887 ms - -\u001b[0m","timestamp":"2026-03-01T05:11:29.407Z"}
{"level":"info","message":"\u001b[0mGET /api/v1/auth/me \u001b[36m304\u001b[0m 4.998 ms - -\u001b[0m","timestamp":"2026-03-01T05:11:29.413Z"}
{"level":"info","message":"\u001b[0mPOST /api/v1/auth/login \u001b[32m200\u001b[0m 104.008 ms - 610\u001b[0m","timestamp":"2026-03-01T05:11:39.747Z"}
{"level":"info","message":"\u001b[0mGET /api/v1/transactions \u001b[36m304\u001b[0m 6.454 ms - -\u001b[0m","timestamp":"2026-03-01T05:11:39.960Z"}
{"level":"info","message":"\u001b[0mGET /api/v1/dashboard/summary \u001b[36m304\u001b[0m 13.269 ms - -\u001b[0m","timestamp":"2026-03-01T05:11:39.965Z"}
{"level":"info","message":"\u001b[0mGET /api/v1/transactions \u001b[36m304\u001b[0m 7.250 ms - -\u001b[0m","timestamp":"2026-03-01T05:11:39.970Z"}
{"level":"info","message":"\u001b[0mGET /api/v1/dashboard/summary \u001b[36m304\u001b[0m 10.222 ms - -\u001b[0m","timestamp":"2026-03-01T05:11:39.979Z"}
{"level":"error","message":"Not authorized, no token","statusCode":401,"timestamp":"2026-03-01T05:12:15.033Z"}
{"level":"info","message":"\u001b[0mGET /api/v1/stocks/history?symbol=AAPL&timeframe=1D \u001b[33m401\u001b[0m 2.139 ms - 72\u001b[0m","timestamp":"2026-03-01T05:12:15.036Z"}
{"level":"error","message":"Not authorized, no token","statusCode":401,"timestamp":"2026-03-01T05:12:15.037Z"}
{"level":"info","message":"\u001b[0mPOST /api/v1/stocks/predict \u001b[33m401\u001b[0m 0.806 ms - 72\u001b[0m","timestamp":"2026-03-01T05:12:15.039Z"}
{"level":"error","message":"Not authorized, no token","statusCode":401,"timestamp":"2026-03-01T05:12:15.044Z"}
{"level":"info","message":"\u001b[0mPOST /api/v1/stocks/predict \u001b[33m401\u001b[0m 1.090 ms - 72\u001b[0m","timestamp":"2026-03-01T05:12:15.045Z"}
{"level":"error","message":"Not authorized, no token","statusCode":401,"timestamp":"2026-03-01T05:12:15.046Z"}
{"level":"info","message":"\u001b[0mGET /api/v1/stocks/history?symbol=AAPL&timeframe=1D \u001b[33m401\u001b[0m 0.967 ms - 72\u001b[0m","timestamp":"2026-03-01T05:12:15.048Z"}
{"level":"error","message":"Not authorized, no token","statusCode":401,"timestamp":"2026-03-01T05:12:15.049Z"}
{"level":"info","message":"\u001b[0mGET /api/v1/financials/balance-sheet \u001b[33m401\u001b[0m 1.020 ms - 72\u001b[0m","timestamp":"2026-03-01T05:12:15.050Z"}
{"level":"error","message":"Not authorized, no token","statusCode":401,"timestamp":"2026-03-01T05:12:15.052Z"}
{"level":"info","message":"\u001b[0mGET /api/v1/financials/balance-sheet \u001b[33m401\u001b[0m 1.117 ms - 72\u001b[0m","timestamp":"2026-03-01T05:12:15.054Z"}
